-------------------------------------------------------------------------------
Test set: com.sii.aspirantes.aspirantes.Service.MateriasNoEvaluadasServiceTest
-------------------------------------------------------------------------------
Tests run: 2, Failures: 0, Errors: 2, Skipped: 0, Time elapsed: 0.083 s <<< FAILURE! - in com.sii.aspirantes.aspirantes.Service.MateriasNoEvaluadasServiceTest
buscarMateriaPorGrupo  Time elapsed: 0.031 s  <<< ERROR!
org.springframework.dao.InvalidDataAccessResourceUsageException: could not extract ResultSet; SQL [n/a]; nested exception is org.hibernate.exception.SQLGrammarException: could not extract ResultSet
	at com.sii.aspirantes.aspirantes.Service.MateriasNoEvaluadasServiceTest.buscarMateriaPorGrupo(MateriasNoEvaluadasServiceTest.java:29)
Caused by: org.hibernate.exception.SQLGrammarException: could not extract ResultSet
	at com.sii.aspirantes.aspirantes.Service.MateriasNoEvaluadasServiceTest.buscarMateriaPorGrupo(MateriasNoEvaluadasServiceTest.java:29)
Caused by: org.postgresql.util.PSQLException: 
ERROR: operator does not exist: character varying = integer
  Hint: No operator matches the given name and argument types. You might need to add explicit type casts.
  Position: 198
	at com.sii.aspirantes.aspirantes.Service.MateriasNoEvaluadasServiceTest.buscarMateriaPorGrupo(MateriasNoEvaluadasServiceTest.java:29)

materiaRegistrada  Time elapsed: 0.029 s  <<< ERROR!
org.springframework.dao.InvalidDataAccessResourceUsageException: could not extract ResultSet; SQL [n/a]; nested exception is org.hibernate.exception.SQLGrammarException: could not extract ResultSet
	at com.sii.aspirantes.aspirantes.Service.MateriasNoEvaluadasServiceTest.materiaRegistrada(MateriasNoEvaluadasServiceTest.java:38)
Caused by: org.hibernate.exception.SQLGrammarException: could not extract ResultSet
	at com.sii.aspirantes.aspirantes.Service.MateriasNoEvaluadasServiceTest.materiaRegistrada(MateriasNoEvaluadasServiceTest.java:38)
Caused by: org.postgresql.util.PSQLException: 
ERROR: operator does not exist: character varying = integer
  Hint: No operator matches the given name and argument types. You might need to add explicit type casts.
  Position: 198
	at com.sii.aspirantes.aspirantes.Service.MateriasNoEvaluadasServiceTest.materiaRegistrada(MateriasNoEvaluadasServiceTest.java:38)

