-------------------------------------------------------------------------------
Test set: com.sii.aspirantes.aspirantes.Service.AspiranteServiceTest
-------------------------------------------------------------------------------
Tests run: 3, Failures: 0, Errors: 1, Skipped: 0, Time elapsed: 0.062 s <<< FAILURE! - in com.sii.aspirantes.aspirantes.Service.AspiranteServiceTest
mostrarComparativoDeFichas  Time elapsed: 0.022 s  <<< ERROR!
java.lang.NullPointerException
	at com.sii.aspirantes.aspirantes.Service.AspiranteServiceTest.mostrarComparativoDeFichas(AspiranteServiceTest.java:30)

