<?xml version="1.0" encoding="UTF-8"?>
<testsuite xmlns:xsi="http://www.w3.org/2001/XMLSchema-instance" xsi:noNamespaceSchemaLocation="https://maven.apache.org/surefire/maven-surefire-plugin/xsd/surefire-test-report.xsd" name="com.sii.aspirantes.aspirantes.Service.AspiranteServiceTest" time="0.062" tests="3" errors="1" skipped="0" failures="0">
  <properties>
[...]
</properties>
  <testcase name="validarAspirantePorCurp" classname="com.sii.aspirantes.aspirantes.Service.AspiranteServiceTest" time="0.027"/>
  <testcase name="mostrarFechaActual" classname="com.sii.aspirantes.aspirantes.Service.AspiranteServiceTest" time="0.006"/>
  <testcase name="mostrarComparativoDeFichas" classname="com.sii.aspirantes.aspirantes.Service.AspiranteServiceTest" time="0.022">
    <error type="java.lang.NullPointerException">java.lang.NullPointerException
	at com.sii.aspirantes.aspirantes.Service.AspiranteServiceTest.mostrarComparativoDeFichas(AspiranteServiceTest.java:30)
</error>
    <system-out><![CDATA[Hibernate: select periodoesc0_.periodo as periodo1_30_0_, periodoesc0_.cierre_horarios as cierre_h2_30_0_, periodoesc0_.cierre_seleccion as cierre_s3_30_0_, periodoesc0_.fecha_inicio as fecha_in4_30_0_, periodoesc0_.fecha_termino as fecha_te5_30_0_, periodoesc0_.filtro as filtro6_30_0_, periodoesc0_.fin_cal_docentes as fin_cal_7_30_0_, periodoesc0_.fin_enc_estudiantil as fin_enc_8_30_0_, periodoesc0_.fin_especial as fin_espe9_30_0_, periodoesc0_.fin_inscripcion as fin_ins10_30_0_, periodoesc0_.fin_sele_alumnos as fin_sel11_30_0_, periodoesc0_.identificacion_corta as identif12_30_0_, periodoesc0_.identificacion_larga as identif13_30_0_, periodoesc0_.inicio_cal_docentes as inicio_14_30_0_, periodoesc0_.inicio_enc_estudiantil as inicio_15_30_0_, periodoesc0_.inicio_especial as inicio_16_30_0_, periodoesc0_.inicio_inscripcion as inicio_17_30_0_, periodoesc0_.inicio_sele_alumnos as inicio_18_30_0_, periodoesc0_.inicio_vacacional as inicio_19_30_0_, periodoesc0_.inicio_vacacional_ss as inicio_20_30_0_, periodoesc0_.parcial1_fin as parcial21_30_0_, periodoesc0_.parcial1_inicio as parcial22_30_0_, periodoesc0_.parcial2_fin as parcial23_30_0_, periodoesc0_.parcial2_inicio as parcial24_30_0_, periodoesc0_.parcial3_fin as parcial25_30_0_, periodoesc0_.parcial3_inicio as parcial26_30_0_, periodoesc0_.status as status27_30_0_, periodoesc0_.termino_vacacional as termino28_30_0_, periodoesc0_.termino_vacacional_ss as termino29_30_0_ from periodo_escolar periodoesc0_ where periodoesc0_.periodo=?
]]></system-out>
  </testcase>
</testsuite>